debug.srp created srp.log for error report...
runtime exception handler called
exception is: global variable is unbound - playerid
frame variables: {}
frame pc: -1
frame method: <callin_method>
frame class: nil

Debugger invoked.
-----------------------------------------------------
Method <callin_method> in class nil
-----------------------------------------------------
Method wxs_handler in class nil, char 892 in file 
    C:\Program Files\Serpent\wxslib\wxserpent.srp
Frame variables: {id: 2, event: 10, x: 0, y: 0, obj: <obj@0000017BFB3D52B0>}
  29:             return obj.handle(event, x, y)
                                   ^
-----------------------------------------------------
Method handle in class Control, char 4052 in file 
    C:\Program Files\Serpent\wxslib\wxserpent.srp
Frame variables: {event: 10, x: 0, y: 0}
 134:         if handle_target_method(event, x, y, target, method)
                                     ^
-----------------------------------------------------
Method handle_target_method in class Control, char 4527 in file 
    C:\Program Files\Serpent\wxslib\wxserpent.srp
Frame variables: {event: 10, x: 0, y: 0, trgt: nil, mthd: 'stopit', meth: nil, i: nil}
 147:             dispatch(event, x, y, trgt, mthd)
                          ^
-----------------------------------------------------
Method dispatch in class Control, char 4814 in file 
    C:\Program Files\Serpent\wxslib\wxserpent.srp
Frame variables: {event: 10, x: 0, y: 0, trgt: nil, mthd: 'stopit'}
 157:             funcall(mthd, this, event, x, y)
                         ^
-----------------------------------------------------
Method stopit in class nil, char 492 in file 
    C:\Users\Jacky\Documents\CMU\15-323 Computer Music Systems\test.srp
Frame variables: {ignore: [<obj@0000017BFB3D52B0>, 10, 0, 0]}
  26:   playerid = playerid + 1
                   ^
-----------------------------------------------------
Method <callin_method> in class nil
global variable is unbound - playerid
1> Exiting ...
